<?xml version="1.0" encoding="UTF-8"?>
<testsuite name="com.SpringPart1.demo.SpringPart1ApplicationTests" tests="3" skipped="0" failures="0" errors="0" timestamp="2020-05-11T10:06:23" hostname="admin1-ThinkCentre-M72e" time="0.421">
  <properties/>
  <testcase name="addUser()" classname="com.SpringPart1.demo.SpringPart1ApplicationTests" time="0.397"/>
  <testcase name="getUser()" classname="com.SpringPart1.demo.SpringPart1ApplicationTests" time="0.013"/>
  <testcase name="removeUser()" classname="com.SpringPart1.demo.SpringPart1ApplicationTests" time="0.007"/>
  <system-out><![CDATA[12:06:21.629 [Test worker] DEBUG org.springframework.test.context.BootstrapUtils - Instantiating CacheAwareContextLoaderDelegate from class [org.springframework.test.context.cache.DefaultCacheAwareContextLoaderDelegate]
12:06:21.647 [Test worker] DEBUG org.springframework.test.context.BootstrapUtils - Instantiating BootstrapContext using constructor [public org.springframework.test.context.support.DefaultBootstrapContext(java.lang.Class,org.springframework.test.context.CacheAwareContextLoaderDelegate)]
12:06:21.686 [Test worker] DEBUG org.springframework.test.context.BootstrapUtils - Instantiating TestContextBootstrapper for test class [com.SpringPart1.demo.SpringPart1ApplicationTests] from class [org.springframework.boot.test.context.SpringBootTestContextBootstrapper]
12:06:21.710 [Test worker] INFO org.springframework.boot.test.context.SpringBootTestContextBootstrapper - Neither @ContextConfiguration nor @ContextHierarchy found for test class [com.SpringPart1.demo.SpringPart1ApplicationTests], using SpringBootContextLoader
12:06:21.715 [Test worker] DEBUG org.springframework.test.context.support.AbstractContextLoader - Did not detect default resource location for test class [com.SpringPart1.demo.SpringPart1ApplicationTests]: class path resource [com/SpringPart1/demo/SpringPart1ApplicationTests-context.xml] does not exist
12:06:21.716 [Test worker] DEBUG org.springframework.test.context.support.AbstractContextLoader - Did not detect default resource location for test class [com.SpringPart1.demo.SpringPart1ApplicationTests]: class path resource [com/SpringPart1/demo/SpringPart1ApplicationTestsContext.groovy] does not exist
12:06:21.717 [Test worker] INFO org.springframework.test.context.support.AbstractContextLoader - Could not detect default resource locations for test class [com.SpringPart1.demo.SpringPart1ApplicationTests]: no resource found for suffixes {-context.xml, Context.groovy}.
12:06:21.790 [Test worker] DEBUG org.springframework.test.context.support.ActiveProfilesUtils - Could not find an 'annotation declaring class' for annotation type [org.springframework.test.context.ActiveProfiles] and class [com.SpringPart1.demo.SpringPart1ApplicationTests]
12:06:21.920 [Test worker] DEBUG org.springframework.boot.test.context.SpringBootTestContextBootstrapper - @TestExecutionListeners is not present for class [com.SpringPart1.demo.SpringPart1ApplicationTests]: using defaults.
12:06:21.921 [Test worker] INFO org.springframework.boot.test.context.SpringBootTestContextBootstrapper - Loaded default TestExecutionListener class names from location [META-INF/spring.factories]: [org.springframework.boot.test.autoconfigure.restdocs.RestDocsTestExecutionListener, org.springframework.boot.test.autoconfigure.web.client.MockRestServiceServerResetTestExecutionListener, org.springframework.boot.test.autoconfigure.web.servlet.MockMvcPrintOnlyOnFailureTestExecutionListener, org.springframework.boot.test.autoconfigure.web.servlet.WebDriverTestExecutionListener, org.springframework.boot.test.mock.mockito.MockitoTestExecutionListener, org.springframework.boot.test.mock.mockito.ResetMocksTestExecutionListener, org.springframework.test.context.web.ServletTestExecutionListener, org.springframework.test.context.support.DirtiesContextBeforeModesTestExecutionListener, org.springframework.test.context.support.DependencyInjectionTestExecutionListener, org.springframework.test.context.support.DirtiesContextTestExecutionListener, org.springframework.test.context.transaction.TransactionalTestExecutionListener, org.springframework.test.context.jdbc.SqlScriptsTestExecutionListener, org.springframework.test.context.event.EventPublishingTestExecutionListener]
12:06:21.929 [Test worker] DEBUG org.springframework.boot.test.context.SpringBootTestContextBootstrapper - Skipping candidate TestExecutionListener [org.springframework.test.context.web.ServletTestExecutionListener] due to a missing dependency. Specify custom listener classes or make the default listener classes and their required dependencies available. Offending class: [javax/servlet/ServletContext]
12:06:21.931 [Test worker] DEBUG org.springframework.boot.test.context.SpringBootTestContextBootstrapper - Skipping candidate TestExecutionListener [org.springframework.test.context.transaction.TransactionalTestExecutionListener] due to a missing dependency. Specify custom listener classes or make the default listener classes and their required dependencies available. Offending class: [org/springframework/transaction/interceptor/TransactionAttributeSource]
12:06:21.932 [Test worker] DEBUG org.springframework.boot.test.context.SpringBootTestContextBootstrapper - Skipping candidate TestExecutionListener [org.springframework.test.context.jdbc.SqlScriptsTestExecutionListener] due to a missing dependency. Specify custom listener classes or make the default listener classes and their required dependencies available. Offending class: [org/springframework/transaction/interceptor/TransactionAttribute]
12:06:21.932 [Test worker] INFO org.springframework.boot.test.context.SpringBootTestContextBootstrapper - Using TestExecutionListeners: [org.springframework.test.context.support.DirtiesContextBeforeModesTestExecutionListener@6f306558, org.springframework.boot.test.mock.mockito.MockitoTestExecutionListener@5a6a25df, org.springframework.boot.test.autoconfigure.SpringBootDependencyInjectionTestExecutionListener@1db6f28a, org.springframework.test.context.support.DirtiesContextTestExecutionListener@2d6bd81d, org.springframework.test.context.event.EventPublishingTestExecutionListener@419d724d, org.springframework.boot.test.autoconfigure.restdocs.RestDocsTestExecutionListener@4ad2e37c, org.springframework.boot.test.autoconfigure.web.client.MockRestServiceServerResetTestExecutionListener@605a6a0e, org.springframework.boot.test.autoconfigure.web.servlet.MockMvcPrintOnlyOnFailureTestExecutionListener@1302ed28, org.springframework.boot.test.autoconfigure.web.servlet.WebDriverTestExecutionListener@39a7fa1f, org.springframework.boot.test.mock.mockito.ResetMocksTestExecutionListener@64b32754]
12:06:21.937 [Test worker] DEBUG org.springframework.test.context.support.AbstractDirtiesContextTestExecutionListener - Before test class: context [DefaultTestContext@35787d95 testClass = SpringPart1ApplicationTests, testInstance = [null], testMethod = [null], testException = [null], mergedContextConfiguration = [MergedContextConfiguration@10e902a2 testClass = SpringPart1ApplicationTests, locations = '{}', classes = '{class com.SpringPart1.demo.SpringPart1Application, class com.SpringPart1.demo.SpringPart1Application}', contextInitializerClasses = '[]', activeProfiles = '{}', propertySourceLocations = '{}', propertySourceProperties = '{org.springframework.boot.test.context.SpringBootTestContextBootstrapper=true}', contextCustomizers = set[org.springframework.boot.test.autoconfigure.properties.PropertyMappingContextCustomizer@0, org.springframework.boot.test.autoconfigure.web.servlet.WebDriverContextCustomizerFactory$Customizer@e4e923f, org.springframework.boot.test.context.filter.ExcludeFilterContextCustomizer@3cbc8568, org.springframework.boot.test.json.DuplicateJsonObjectContextCustomizerFactory$DuplicateJsonObjectContextCustomizer@36cf051d, org.springframework.boot.test.mock.mockito.MockitoContextCustomizer@0, org.springframework.boot.test.web.client.TestRestTemplateContextCustomizer@4af04cdf], contextLoader = 'org.springframework.boot.test.context.SpringBootContextLoader', parent = [null]], attributes = map[[empty]]], class annotated with @DirtiesContext [false] with mode [null].
12:06:21.951 [Test worker] DEBUG org.springframework.test.context.support.DependencyInjectionTestExecutionListener - Performing dependency injection for test context [[DefaultTestContext@35787d95 testClass = SpringPart1ApplicationTests, testInstance = com.SpringPart1.demo.SpringPart1ApplicationTests@54450539, testMethod = [null], testException = [null], mergedContextConfiguration = [MergedContextConfiguration@10e902a2 testClass = SpringPart1ApplicationTests, locations = '{}', classes = '{class com.SpringPart1.demo.SpringPart1Application, class com.SpringPart1.demo.SpringPart1Application}', contextInitializerClasses = '[]', activeProfiles = '{}', propertySourceLocations = '{}', propertySourceProperties = '{org.springframework.boot.test.context.SpringBootTestContextBootstrapper=true}', contextCustomizers = set[org.springframework.boot.test.autoconfigure.properties.PropertyMappingContextCustomizer@0, org.springframework.boot.test.autoconfigure.web.servlet.WebDriverContextCustomizerFactory$Customizer@e4e923f, org.springframework.boot.test.context.filter.ExcludeFilterContextCustomizer@3cbc8568, org.springframework.boot.test.json.DuplicateJsonObjectContextCustomizerFactory$DuplicateJsonObjectContextCustomizer@36cf051d, org.springframework.boot.test.mock.mockito.MockitoContextCustomizer@0, org.springframework.boot.test.web.client.TestRestTemplateContextCustomizer@4af04cdf], contextLoader = 'org.springframework.boot.test.context.SpringBootContextLoader', parent = [null]], attributes = map[[empty]]]].
12:06:21.985 [Test worker] DEBUG org.springframework.test.context.support.TestPropertySourceUtils - Adding inlined properties to environment: {spring.jmx.enabled=false, org.springframework.boot.test.context.SpringBootTestContextBootstrapper=true, server.port=-1}

  .   ____          _            __ _ _
 /\\ / ___'_ __ _ _(_)_ __  __ _ \ \ \ \
( ( )\___ | '_ | '_| | '_ \/ _` | \ \ \ \
 \\/  ___)| |_)| | | | | || (_| |  ) ) ) )
  '  |____| .__|_| |_|_| |_\__, | / / / /
 =========|_|==============|___/=/_/_/_/
 :: Spring Boot ::        (v2.2.6.RELEASE)

2020-05-11 12:06:22.324  INFO 18364 --- [    Test worker] c.S.demo.SpringPart1ApplicationTests     : Starting SpringPart1ApplicationTests on admin1-ThinkCentre-M72e with PID 18364 (started by recruit in /home/recruit/IdeaProjects/demo)
2020-05-11 12:06:22.327  INFO 18364 --- [    Test worker] c.S.demo.SpringPart1ApplicationTests     : No active profile set, falling back to default profiles: default
2020-05-11 12:06:22.865  INFO 18364 --- [    Test worker] f.a.AutowiredAnnotationBeanPostProcessor : Autowired annotation is not supported on static fields: static java.util.ArrayList com.SpringPart1.demo.FakeRepo.users
2020-05-11 12:06:22.992  INFO 18364 --- [    Test worker] c.S.demo.SpringPart1ApplicationTests     : Started SpringPart1ApplicationTests in 1.002 seconds (JVM running for 2.409)
]]></system-out>
  <system-err><![CDATA[]]></system-err>
</testsuite>
